Traceback (most recent call last):
  File "C:\Users\zarif\AppData\Local\Programs\Python\Python312\Lib\site-packages\jupyter_cache\executors\utils.py", line 58, in single_nb_execution
    executenb(
  File "C:\Users\zarif\AppData\Local\Programs\Python\Python312\Lib\site-packages\nbclient\client.py", line 1314, in execute
    return NotebookClient(nb=nb, resources=resources, km=km, **kwargs).execute()
           ^^^^^^^^^^^^^^^^^^^^^^^^^^^^^^^^^^^^^^^^^^^^^^^^^^^^^^^^^^^^^^^^^^^^^
  File "C:\Users\zarif\AppData\Roaming\Python\Python312\site-packages\jupyter_core\utils\__init__.py", line 165, in wrapped
    return loop.run_until_complete(inner)
           ^^^^^^^^^^^^^^^^^^^^^^^^^^^^^^
  File "C:\Users\zarif\AppData\Local\Programs\Python\Python312\Lib\asyncio\base_events.py", line 687, in run_until_complete
    return future.result()
           ^^^^^^^^^^^^^^^
  File "C:\Users\zarif\AppData\Local\Programs\Python\Python312\Lib\site-packages\nbclient\client.py", line 709, in async_execute
    await self.async_execute_cell(
  File "C:\Users\zarif\AppData\Local\Programs\Python\Python312\Lib\site-packages\nbclient\client.py", line 1062, in async_execute_cell
    await self._check_raise_for_error(cell, cell_index, exec_reply)
  File "C:\Users\zarif\AppData\Local\Programs\Python\Python312\Lib\site-packages\nbclient\client.py", line 918, in _check_raise_for_error
    raise CellExecutionError.from_cell_and_msg(cell, exec_reply_content)
nbclient.exceptions.CellExecutionError: An error occurred while executing the following cell:
------------------
def extract_category_data(driver):
    articles = driver.find_elements(By.XPATH, '//div[@class="item"]')
    article_urls = [article.find_element(By.XPATH, './/a').get_attribute('href') for article in articles]
    return article_urls

def scrape_category_page(driver, main_url, category_name, max_articles=50):
    all_article_data = []
    page_num = 1

    while len(all_article_data) < max_articles:
        current_url = f"{main_url}?page={page_num}"
        driver.get(current_url)

        article_urls = extract_category_data(driver)

        if not article_urls:
            print(f"No more articles found on page {page_num}. Stopping.")
            break

        for url in article_urls:
            if len(all_article_data) >= max_articles:
                break

            article_data = extract_article_content(driver, url)
            article_data["Category"] = category_name
            all_article_data.append(article_data)
        page_num += 1
        time.sleep(2)

    return all_article_data

driver = web_driver()

kategori_list = [
    {"url": "https://www.metrotvnews.com/channel/ekonomi", "name": "Ekonomi"},
    {"url": "https://www.metrotvnews.com/channel/olahraga", "name": "Olahraga"}
]

all_data = []

for category in kategori_list:
    print(f"Scraping category: {category['name']}")
    category_data = scrape_category_page(driver, category["url"], category["name"], max_articles=50)
    all_data.extend(category_data)

driver.quit()
------------------

----- stderr -----
The chromedriver version (128.0.6613.119) detected in PATH at C:\Users\zarif\Downloads\crawling-review\chromedriver-win64\chromedriver.exe might not be compatible with the detected chrome version (130.0.6723.92); currently, chromedriver 130.0.6723.91 is recommended for chrome 130.*, so it is advised to delete the driver in PATH and retry
------------------

[1;31m---------------------------------------------------------------------------[0m
[1;31mSessionNotCreatedException[0m                Traceback (most recent call last)
Cell [1;32mIn[6], line 32[0m
[0;32m     28[0m         time[38;5;241m.[39msleep([38;5;241m2[39m)
[0;32m     30[0m     [38;5;28;01mreturn[39;00m all_article_data
[1;32m---> 32[0m driver [38;5;241m=[39m [43mweb_driver[49m[43m([49m[43m)[49m
[0;32m     34[0m kategori_list [38;5;241m=[39m [
[0;32m     35[0m     {[38;5;124m"[39m[38;5;124murl[39m[38;5;124m"[39m: [38;5;124m"[39m[38;5;124mhttps://www.metrotvnews.com/channel/ekonomi[39m[38;5;124m"[39m, [38;5;124m"[39m[38;5;124mname[39m[38;5;124m"[39m: [38;5;124m"[39m[38;5;124mEkonomi[39m[38;5;124m"[39m},
[0;32m     36[0m     {[38;5;124m"[39m[38;5;124murl[39m[38;5;124m"[39m: [38;5;124m"[39m[38;5;124mhttps://www.metrotvnews.com/channel/olahraga[39m[38;5;124m"[39m, [38;5;124m"[39m[38;5;124mname[39m[38;5;124m"[39m: [38;5;124m"[39m[38;5;124mOlahraga[39m[38;5;124m"[39m}
[0;32m     37[0m ]
[0;32m     39[0m all_data [38;5;241m=[39m []

Cell [1;32mIn[3], line 6[0m, in [0;36mweb_driver[1;34m()[0m
[0;32m      4[0m options[38;5;241m.[39madd_argument([38;5;124m'[39m[38;5;124m--no-sandbox[39m[38;5;124m'[39m)
[0;32m      5[0m options[38;5;241m.[39madd_argument([38;5;124m'[39m[38;5;124m--disable-dev-shm-usage[39m[38;5;124m'[39m)
[1;32m----> 6[0m driver [38;5;241m=[39m [43mwebdriver[49m[38;5;241;43m.[39;49m[43mChrome[49m[43m([49m[43moptions[49m[38;5;241;43m=[39;49m[43moptions[49m[43m)[49m
[0;32m      7[0m [38;5;28;01mreturn[39;00m driver

File [1;32m~\AppData\Local\Programs\Python\Python312\Lib\site-packages\selenium\webdriver\chrome\webdriver.py:45[0m, in [0;36mWebDriver.__init__[1;34m(self, options, service, keep_alive)[0m
[0;32m     42[0m service [38;5;241m=[39m service [38;5;28;01mif[39;00m service [38;5;28;01melse[39;00m Service()
[0;32m     43[0m options [38;5;241m=[39m options [38;5;28;01mif[39;00m options [38;5;28;01melse[39;00m Options()
[1;32m---> 45[0m [38;5;28;43msuper[39;49m[43m([49m[43m)[49m[38;5;241;43m.[39;49m[38;5;21;43m__init__[39;49m[43m([49m
[0;32m     46[0m [43m    [49m[43mbrowser_name[49m[38;5;241;43m=[39;49m[43mDesiredCapabilities[49m[38;5;241;43m.[39;49m[43mCHROME[49m[43m[[49m[38;5;124;43m"[39;49m[38;5;124;43mbrowserName[39;49m[38;5;124;43m"[39;49m[43m][49m[43m,[49m
[0;32m     47[0m [43m    [49m[43mvendor_prefix[49m[38;5;241;43m=[39;49m[38;5;124;43m"[39;49m[38;5;124;43mgoog[39;49m[38;5;124;43m"[39;49m[43m,[49m
[0;32m     48[0m [43m    [49m[43moptions[49m[38;5;241;43m=[39;49m[43moptions[49m[43m,[49m
[0;32m     49[0m [43m    [49m[43mservice[49m[38;5;241;43m=[39;49m[43mservice[49m[43m,[49m
[0;32m     50[0m [43m    [49m[43mkeep_alive[49m[38;5;241;43m=[39;49m[43mkeep_alive[49m[43m,[49m
[0;32m     51[0m [43m[49m[43m)[49m

File [1;32m~\AppData\Local\Programs\Python\Python312\Lib\site-packages\selenium\webdriver\chromium\webdriver.py:66[0m, in [0;36mChromiumDriver.__init__[1;34m(self, browser_name, vendor_prefix, options, service, keep_alive)[0m
[0;32m     57[0m executor [38;5;241m=[39m ChromiumRemoteConnection(
[0;32m     58[0m     remote_server_addr[38;5;241m=[39m[38;5;28mself[39m[38;5;241m.[39mservice[38;5;241m.[39mservice_url,
[0;32m     59[0m     browser_name[38;5;241m=[39mbrowser_name,
[1;32m   (...)[0m
[0;32m     62[0m     ignore_proxy[38;5;241m=[39moptions[38;5;241m.[39m_ignore_local_proxy,
[0;32m     63[0m )
[0;32m     65[0m [38;5;28;01mtry[39;00m:
[1;32m---> 66[0m     [38;5;28;43msuper[39;49m[43m([49m[43m)[49m[38;5;241;43m.[39;49m[38;5;21;43m__init__[39;49m[43m([49m[43mcommand_executor[49m[38;5;241;43m=[39;49m[43mexecutor[49m[43m,[49m[43m [49m[43moptions[49m[38;5;241;43m=[39;49m[43moptions[49m[43m)[49m
[0;32m     67[0m [38;5;28;01mexcept[39;00m [38;5;167;01mException[39;00m:
[0;32m     68[0m     [38;5;28mself[39m[38;5;241m.[39mquit()

File [1;32m~\AppData\Local\Programs\Python\Python312\Lib\site-packages\selenium\webdriver\remote\webdriver.py:212[0m, in [0;36mWebDriver.__init__[1;34m(self, command_executor, keep_alive, file_detector, options)[0m
[0;32m    210[0m [38;5;28mself[39m[38;5;241m.[39m_authenticator_id [38;5;241m=[39m [38;5;28;01mNone[39;00m
[0;32m    211[0m [38;5;28mself[39m[38;5;241m.[39mstart_client()
[1;32m--> 212[0m [38;5;28;43mself[39;49m[38;5;241;43m.[39;49m[43mstart_session[49m[43m([49m[43mcapabilities[49m[43m)[49m
[0;32m    214[0m [38;5;28mself[39m[38;5;241m.[39m_websocket_connection [38;5;241m=[39m [38;5;28;01mNone[39;00m
[0;32m    215[0m [38;5;28mself[39m[38;5;241m.[39m_script [38;5;241m=[39m [38;5;28;01mNone[39;00m

File [1;32m~\AppData\Local\Programs\Python\Python312\Lib\site-packages\selenium\webdriver\remote\webdriver.py:299[0m, in [0;36mWebDriver.start_session[1;34m(self, capabilities)[0m
[0;32m    292[0m [38;5;250m[39m[38;5;124;03m"""Creates a new session with the desired capabilities.[39;00m
[0;32m    293[0m 
[0;32m    294[0m [38;5;124;03m:Args:[39;00m
[0;32m    295[0m [38;5;124;03m - capabilities - a capabilities dict to start the session with.[39;00m
[0;32m    296[0m [38;5;124;03m"""[39;00m
[0;32m    298[0m caps [38;5;241m=[39m _create_caps(capabilities)
[1;32m--> 299[0m response [38;5;241m=[39m [38;5;28;43mself[39;49m[38;5;241;43m.[39;49m[43mexecute[49m[43m([49m[43mCommand[49m[38;5;241;43m.[39;49m[43mNEW_SESSION[49m[43m,[49m[43m [49m[43mcaps[49m[43m)[49m[[38;5;124m"[39m[38;5;124mvalue[39m[38;5;124m"[39m]
[0;32m    300[0m [38;5;28mself[39m[38;5;241m.[39msession_id [38;5;241m=[39m response[38;5;241m.[39mget([38;5;124m"[39m[38;5;124msessionId[39m[38;5;124m"[39m)
[0;32m    301[0m [38;5;28mself[39m[38;5;241m.[39mcaps [38;5;241m=[39m response[38;5;241m.[39mget([38;5;124m"[39m[38;5;124mcapabilities[39m[38;5;124m"[39m)

File [1;32m~\AppData\Local\Programs\Python\Python312\Lib\site-packages\selenium\webdriver\remote\webdriver.py:354[0m, in [0;36mWebDriver.execute[1;34m(self, driver_command, params)[0m
[0;32m    352[0m response [38;5;241m=[39m [38;5;28mself[39m[38;5;241m.[39mcommand_executor[38;5;241m.[39mexecute(driver_command, params)
[0;32m    353[0m [38;5;28;01mif[39;00m response:
[1;32m--> 354[0m     [38;5;28;43mself[39;49m[38;5;241;43m.[39;49m[43merror_handler[49m[38;5;241;43m.[39;49m[43mcheck_response[49m[43m([49m[43mresponse[49m[43m)[49m
[0;32m    355[0m     response[[38;5;124m"[39m[38;5;124mvalue[39m[38;5;124m"[39m] [38;5;241m=[39m [38;5;28mself[39m[38;5;241m.[39m_unwrap_value(response[38;5;241m.[39mget([38;5;124m"[39m[38;5;124mvalue[39m[38;5;124m"[39m, [38;5;28;01mNone[39;00m))
[0;32m    356[0m     [38;5;28;01mreturn[39;00m response

File [1;32m~\AppData\Local\Programs\Python\Python312\Lib\site-packages\selenium\webdriver\remote\errorhandler.py:229[0m, in [0;36mErrorHandler.check_response[1;34m(self, response)[0m
[0;32m    227[0m         alert_text [38;5;241m=[39m value[[38;5;124m"[39m[38;5;124malert[39m[38;5;124m"[39m][38;5;241m.[39mget([38;5;124m"[39m[38;5;124mtext[39m[38;5;124m"[39m)
[0;32m    228[0m     [38;5;28;01mraise[39;00m exception_class(message, screen, stacktrace, alert_text)  [38;5;66;03m# type: ignore[call-arg]  # mypy is not smart enough here[39;00m
[1;32m--> 229[0m [38;5;28;01mraise[39;00m exception_class(message, screen, stacktrace)

[1;31mSessionNotCreatedException[0m: Message: session not created: This version of ChromeDriver only supports Chrome version 128
Current browser version is 130.0.6723.92 with binary path C:\Program Files (x86)\Google\Chrome\Application\chrome.exe
Stacktrace:
	GetHandleVerifier [0x00007FF706E3B5D2+29090]
	(No symbol) [0x00007FF706DAE689]
	(No symbol) [0x00007FF706C6B1CA]
	(No symbol) [0x00007FF706CAD6B2]
	(No symbol) [0x00007FF706CAC751]
	(No symbol) [0x00007FF706CA729C]
	(No symbol) [0x00007FF706CA1E0A]
	(No symbol) [0x00007FF706CF236D]
	(No symbol) [0x00007FF706CF1A20]
	(No symbol) [0x00007FF706CE6493]
	(No symbol) [0x00007FF706CB09B1]
	(No symbol) [0x00007FF706CB1B11]
	GetHandleVerifier [0x00007FF707158C5D+3295277]
	GetHandleVerifier [0x00007FF7071A4843+3605523]
	GetHandleVerifier [0x00007FF70719A707+3564247]
	GetHandleVerifier [0x00007FF706EF6EB6+797318]
	(No symbol) [0x00007FF706DB980F]
	(No symbol) [0x00007FF706DB53F4]
	(No symbol) [0x00007FF706DB5580]
	(No symbol) [0x00007FF706DA4A1F]
	BaseThreadInitThunk [0x00007FFCFA27257D+29]
	RtlUserThreadStart [0x00007FFCFBC8AF08+40]


